Using pre-set license
Built from '2020.3/staging' branch; Version is '2020.3.6f1 (338bb68529b2) revision 3378102'; Using compiler version '192528614'; Build Type 'Release'
OS: 'Windows 10 Pro; OS build 19042.1288; Version 2009; 64bit' Language: 'en' Physical Memory: 16317 MB
BatchMode: 1, IsHumanControllingUs: 0, StartBugReporterOnCrash: 0, Is64bit: 1, IsPro: 0

 COMMAND LINE ARGUMENTS:
C:\Program Files\Unity\Hub\Editor\2020.3.6f1\Editor\Unity.exe
-adb2
-batchMode
-noUpm
-name
AssetImportWorker0
-projectPath
D:/Unity/Games/Game Jams/BugBounties/BugBountiesGameOff/BugBounties
-logFile
Logs/AssetImportWorker0.log
-srvPort
52062
Successfully changed project path to: D:/Unity/Games/Game Jams/BugBounties/BugBountiesGameOff/BugBounties
D:/Unity/Games/Game Jams/BugBounties/BugBountiesGameOff/BugBounties
Using Asset Import Pipeline V2.
Refreshing native plugins compatible for Editor in 27.74 ms, found 0 plugins.
Preloading 0 native plugins for Editor in 0.00 ms.
Initialize engine version: 2020.3.6f1 (338bb68529b2)
[Subsystems] Discovering subsystems at path C:/Program Files/Unity/Hub/Editor/2020.3.6f1/Editor/Data/Resources/UnitySubsystems
[Subsystems] Discovering subsystems at path D:/Unity/Games/Game Jams/BugBounties/BugBountiesGameOff/BugBounties/Assets
GfxDevice: creating device client; threaded=0
Direct3D:
    Version:  Direct3D 11.0 [level 11.1]
    Renderer: NVIDIA GeForce GTX 1050 Ti (ID=0x1c82)
    Vendor:   
    VRAM:     4018 MB
    Driver:   30.0.14.7212
Initialize mono
Mono path[0] = 'C:/Program Files/Unity/Hub/Editor/2020.3.6f1/Editor/Data/Managed'
Mono path[1] = 'C:/Program Files/Unity/Hub/Editor/2020.3.6f1/Editor/Data/MonoBleedingEdge/lib/mono/unityjit'
Mono config path = 'C:/Program Files/Unity/Hub/Editor/2020.3.6f1/Editor/Data/MonoBleedingEdge/etc'
Using monoOptions --debugger-agent=transport=dt_socket,embedding=1,server=y,suspend=n,address=127.0.0.1:56048
Begin MonoManager ReloadAssembly
Registering precompiled unity dll's ...
Register platform support module: C:/Program Files/Unity/Hub/Editor/2020.3.6f1/Editor/Data/PlaybackEngines/WebGLSupport/UnityEditor.WebGL.Extensions.dll
Register platform support module: C:/Program Files/Unity/Hub/Editor/2020.3.6f1/Editor/Data/PlaybackEngines/WindowsStandaloneSupport/UnityEditor.WindowsStandalone.Extensions.dll
Registered in 0.003636 seconds.
Native extension for WindowsStandalone target not found
Native extension for WebGL target not found
Refreshing native plugins compatible for Editor in 28.60 ms, found 0 plugins.
Preloading 0 native plugins for Editor in 0.00 ms.
Mono: successfully reloaded assembly
- Completed reload, in  2.530 seconds
Platform modules already initialized, skipping
Registering precompiled user dll's ...
Registered in 0.000815 seconds.
Begin MonoManager ReloadAssembly
Native extension for WindowsStandalone target not found
Native extension for WebGL target not found
Refreshing native plugins compatible for Editor in 0.31 ms, found 0 plugins.
Preloading 0 native plugins for Editor in 0.00 ms.
Mono: successfully reloaded assembly
- Completed reload, in  0.974 seconds
Platform modules already initialized, skipping
========================================================================
Worker process is ready to serve import requests
Launched and connected shader compiler UnityShaderCompiler.exe after 0.04 seconds
Refreshing native plugins compatible for Editor in 0.30 ms, found 0 plugins.
Preloading 0 native plugins for Editor in 0.00 ms.
Unloading 1383 Unused Serialized files (Serialized files now loaded: 0)
System memory in use before: 70.3 MB.
System memory in use after: 70.4 MB.

Unloading 11 unused Assets to reduce memory usage. Loaded Objects now: 1825.
Total: 2.274800 ms (FindLiveObjects: 0.198700 ms CreateObjectMapping: 0.038000 ms MarkObjects: 1.949800 ms  DeleteObjects: 0.087100 ms)

========================================================================
Received Import Request.
  path: Assets
  artifactKey: Guid(00000000000000001000000000000000) Importer(815301076,1909f56bfc062723c751e8b465ee728b)
Start importing Assets using Guid(00000000000000001000000000000000) Importer(815301076,1909f56bfc062723c751e8b465ee728b)  -> (artifact id: '2c602d4445bd9e0e517b9a7c882a2249') in 0.010255 seconds
  Import took 0.012551 seconds .

========================================================================
Received Import Request.
  Time since last request: 0.000299 seconds.
  path: Assets/Scenes
  artifactKey: Guid(08410029f0d3e6941984d2de0d8c0d79) Importer(815301076,1909f56bfc062723c751e8b465ee728b)
Start importing Assets/Scenes using Guid(08410029f0d3e6941984d2de0d8c0d79) Importer(815301076,1909f56bfc062723c751e8b465ee728b)  -> (artifact id: '1f3ebbe43c57fb5c13c1cb771142298a') in 0.011442 seconds
  Import took 0.013754 seconds .

========================================================================
Received Prepare
Refreshing native plugins compatible for Editor in 0.87 ms, found 0 plugins.
Preloading 0 native plugins for Editor in 0.00 ms.
Unloading 3 Unused Serialized files (Serialized files now loaded: 0)
System memory in use before: 40.5 MB.
System memory in use after: 40.6 MB.

Unloading 3 unused Assets to reduce memory usage. Loaded Objects now: 1825.
Total: 2.206300 ms (FindLiveObjects: 0.192700 ms CreateObjectMapping: 0.039000 ms MarkObjects: 1.906700 ms  DeleteObjects: 0.066600 ms)

========================================================================
Received Import Request.
  Time since last request: 0.888948 seconds.
  path: Assets/Materials
  artifactKey: Guid(1530d26f92f56fd4792ee15d1864c2df) Importer(815301076,1909f56bfc062723c751e8b465ee728b)
Start importing Assets/Materials using Guid(1530d26f92f56fd4792ee15d1864c2df) Importer(815301076,1909f56bfc062723c751e8b465ee728b)  -> (artifact id: '8a8fe43f1787b1ae8a1a929e50382a9d') in 0.007346 seconds
  Import took 0.009777 seconds .

========================================================================
Received Import Request.
  Time since last request: 16.378401 seconds.
  path: Assets/Materials/Ground.mat
  artifactKey: Guid(9328ada4e1aca0049bb3f5825fca2f8e) Importer(815301076,1909f56bfc062723c751e8b465ee728b)
Start importing Assets/Materials/Ground.mat using Guid(9328ada4e1aca0049bb3f5825fca2f8e) Importer(815301076,1909f56bfc062723c751e8b465ee728b)  -> (artifact id: 'b9adcc9be688193a223ab73cc1595168') in 0.116972 seconds
  Import took 0.119648 seconds .

========================================================================
Received Prepare
Registering precompiled user dll's ...
Registered in 0.000819 seconds.
Begin MonoManager ReloadAssembly
Native extension for WindowsStandalone target not found
Native extension for WebGL target not found
Refreshing native plugins compatible for Editor in 0.30 ms, found 0 plugins.
Preloading 0 native plugins for Editor in 0.00 ms.
Mono: successfully reloaded assembly
- Completed reload, in  0.921 seconds
Platform modules already initialized, skipping
Refreshing native plugins compatible for Editor in 0.30 ms, found 0 plugins.
Preloading 0 native plugins for Editor in 0.00 ms.
Unloading 1349 Unused Serialized files (Serialized files now loaded: 0)
System memory in use before: 70.8 MB.
System memory in use after: 70.9 MB.

Unloading 6 unused Assets to reduce memory usage. Loaded Objects now: 1868.
Total: 1.912700 ms (FindLiveObjects: 0.190200 ms CreateObjectMapping: 0.035700 ms MarkObjects: 1.625400 ms  DeleteObjects: 0.060100 ms)

========================================================================
Received Import Request.
  Time since last request: 330.440493 seconds.
  path: Assets/Materials/Ground.mat
  artifactKey: Guid(9328ada4e1aca0049bb3f5825fca2f8e) Importer(815301076,1909f56bfc062723c751e8b465ee728b)
Start importing Assets/Materials/Ground.mat using Guid(9328ada4e1aca0049bb3f5825fca2f8e) Importer(815301076,1909f56bfc062723c751e8b465ee728b)  -> (artifact id: '0019923be058c618ae49391b27ebe025') in 0.064959 seconds
  Import took 0.067769 seconds .

========================================================================
Received Prepare
Registering precompiled user dll's ...
Registered in 0.000871 seconds.
Begin MonoManager ReloadAssembly
Native extension for WindowsStandalone target not found
Native extension for WebGL target not found
Refreshing native plugins compatible for Editor in 0.34 ms, found 0 plugins.
Preloading 0 native plugins for Editor in 0.00 ms.
Mono: successfully reloaded assembly
- Completed reload, in  0.890 seconds
Platform modules already initialized, skipping
Refreshing native plugins compatible for Editor in 0.33 ms, found 0 plugins.
Preloading 0 native plugins for Editor in 0.00 ms.
Unloading 1387 Unused Serialized files (Serialized files now loaded: 0)
System memory in use before: 71.9 MB.
System memory in use after: 71.9 MB.

Unloading 7 unused Assets to reduce memory usage. Loaded Objects now: 1909.
Total: 1.915900 ms (FindLiveObjects: 0.189000 ms CreateObjectMapping: 0.041000 ms MarkObjects: 1.619300 ms  DeleteObjects: 0.065700 ms)

========================================================================
Received Import Request.
  Time since last request: 74.365326 seconds.
  path: Assets/Character Movement Fundamentals
  artifactKey: Guid(e22b060ecea2cc44bb6fc4eca3a1a437) Importer(815301076,1909f56bfc062723c751e8b465ee728b)
Start importing Assets/Character Movement Fundamentals using Guid(e22b060ecea2cc44bb6fc4eca3a1a437) Importer(815301076,1909f56bfc062723c751e8b465ee728b)  -> (artifact id: '33a0db1a6bee4820c28e2c8f111fc69b') in 0.009492 seconds
  Import took 0.012314 seconds .

========================================================================
Received Import Request.
  Time since last request: 1.477956 seconds.
  path: Assets/Character Movement Fundamentals/Prefabs
  artifactKey: Guid(3769a8e69ac4c5d4d8307439f30f6f0e) Importer(815301076,1909f56bfc062723c751e8b465ee728b)
Start importing Assets/Character Movement Fundamentals/Prefabs using Guid(3769a8e69ac4c5d4d8307439f30f6f0e) Importer(815301076,1909f56bfc062723c751e8b465ee728b)  -> (artifact id: '9f80fd2f9f0d1017ebe1363af4bb54f5') in 0.007447 seconds
  Import took 0.010115 seconds .

========================================================================
Received Import Request.
  Time since last request: 0.927883 seconds.
  path: Assets/Character Movement Fundamentals/Prefabs/Controller
  artifactKey: Guid(580ccf6ab3889bd458d65282d20b6821) Importer(815301076,1909f56bfc062723c751e8b465ee728b)
Start importing Assets/Character Movement Fundamentals/Prefabs/Controller using Guid(580ccf6ab3889bd458d65282d20b6821) Importer(815301076,1909f56bfc062723c751e8b465ee728b)  -> (artifact id: '099e471b79ebba763ff36505a70ae7db') in 0.007887 seconds
  Import took 0.010496 seconds .

========================================================================
Received Import Request.
  Time since last request: 2.479486 seconds.
  path: Assets/Character Movement Fundamentals/Prefabs/Controller/Blank
  artifactKey: Guid(5bb5a4d77c6b9bb4f8597b7a1bb7c00b) Importer(815301076,1909f56bfc062723c751e8b465ee728b)
Start importing Assets/Character Movement Fundamentals/Prefabs/Controller/Blank using Guid(5bb5a4d77c6b9bb4f8597b7a1bb7c00b) Importer(815301076,1909f56bfc062723c751e8b465ee728b)  -> (artifact id: '6b20b3c889970d21fad40ab6111a5043') in 0.007595 seconds
  Import took 0.010455 seconds .

========================================================================
Received Import Request.
  Time since last request: 0.203356 seconds.
  path: Assets/Character Movement Fundamentals/Prefabs/Controller/Blank/ClickToMoveWalker.prefab
  artifactKey: Guid(672fa25cbe4559248a5115f552994375) Importer(815301076,1909f56bfc062723c751e8b465ee728b)
Start importing Assets/Character Movement Fundamentals/Prefabs/Controller/Blank/ClickToMoveWalker.prefab using Guid(672fa25cbe4559248a5115f552994375) Importer(815301076,1909f56bfc062723c751e8b465ee728b)  -> (artifact id: '39d1ba3063b66089427d2b7f5f61e7c0') in 0.066102 seconds
  Import took 0.068836 seconds .

========================================================================
Received Import Request.
  Time since last request: 0.000264 seconds.
  path: Assets/Character Movement Fundamentals/Prefabs/Controller/Blank/TopDownWalker.prefab
  artifactKey: Guid(90f0d76140309b246a4ab80b3cc13882) Importer(815301076,1909f56bfc062723c751e8b465ee728b)
Start importing Assets/Character Movement Fundamentals/Prefabs/Controller/Blank/TopDownWalker.prefab using Guid(90f0d76140309b246a4ab80b3cc13882) Importer(815301076,1909f56bfc062723c751e8b465ee728b)  -> (artifact id: 'e83caa17e9e18562687688c8ae1ed09f') in 0.014009 seconds
  Import took 0.016521 seconds .

========================================================================
Received Import Request.
  Time since last request: 0.000300 seconds.
  path: Assets/Character Movement Fundamentals/Prefabs/Controller/Blank/FirstPersonWalker.prefab
  artifactKey: Guid(1ea5714554406484c8037e495f767252) Importer(815301076,1909f56bfc062723c751e8b465ee728b)
Start importing Assets/Character Movement Fundamentals/Prefabs/Controller/Blank/FirstPersonWalker.prefab using Guid(1ea5714554406484c8037e495f767252) Importer(815301076,1909f56bfc062723c751e8b465ee728b)  -> (artifact id: '9de458010c6995042b7ee3267426ce8a') in 0.009535 seconds
  Import took 0.012343 seconds .

========================================================================
Received Import Request.
  Time since last request: 0.000303 seconds.
  path: Assets/Character Movement Fundamentals/Prefabs/Controller/Blank/ThirdPersonWalker_C.prefab
  artifactKey: Guid(02db1269cd824a742a44596330eb0f28) Importer(815301076,1909f56bfc062723c751e8b465ee728b)
Start importing Assets/Character Movement Fundamentals/Prefabs/Controller/Blank/ThirdPersonWalker_C.prefab using Guid(02db1269cd824a742a44596330eb0f28) Importer(815301076,1909f56bfc062723c751e8b465ee728b)  -> (artifact id: '9b1ab181a390444d37c14d43d124020c') in 0.016925 seconds
  Import took 0.019847 seconds .

========================================================================
Received Import Request.
  Time since last request: 0.000295 seconds.
  path: Assets/Character Movement Fundamentals/Prefabs/Controller/Blank/ThirdPersonWalker_A.prefab
  artifactKey: Guid(a00ef768dbc458c49b48d4172fcdc73f) Importer(815301076,1909f56bfc062723c751e8b465ee728b)
Start importing Assets/Character Movement Fundamentals/Prefabs/Controller/Blank/ThirdPersonWalker_A.prefab using Guid(a00ef768dbc458c49b48d4172fcdc73f) Importer(815301076,1909f56bfc062723c751e8b465ee728b)  -> (artifact id: 'f6c61af8b70eb5c458d5a557261329a3') in 0.014217 seconds
  Import took 0.016749 seconds .

========================================================================
Received Import Request.
  Time since last request: 0.000249 seconds.
  path: Assets/Character Movement Fundamentals/Prefabs/Controller/Blank/SideScroller.prefab
  artifactKey: Guid(598b6bc40260ea04b9652cd28338a36e) Importer(815301076,1909f56bfc062723c751e8b465ee728b)
Start importing Assets/Character Movement Fundamentals/Prefabs/Controller/Blank/SideScroller.prefab using Guid(598b6bc40260ea04b9652cd28338a36e) Importer(815301076,1909f56bfc062723c751e8b465ee728b)  -> (artifact id: 'af874449d5e1192afdcc077622b65026') in 0.014337 seconds
  Import took 0.017407 seconds .

========================================================================
Received Import Request.
  Time since last request: 0.000255 seconds.
  path: Assets/Character Movement Fundamentals/Prefabs/Controller/Blank/ThirdPersonWalker_B.prefab
  artifactKey: Guid(41d5060342076c64fbfc3a2c9be14c3c) Importer(815301076,1909f56bfc062723c751e8b465ee728b)
Start importing Assets/Character Movement Fundamentals/Prefabs/Controller/Blank/ThirdPersonWalker_B.prefab using Guid(41d5060342076c64fbfc3a2c9be14c3c) Importer(815301076,1909f56bfc062723c751e8b465ee728b)  -> (artifact id: 'd97ab27c91d6af05ca379506705c504c') in 0.016487 seconds
  Import took 0.018973 seconds .

========================================================================
Received Import Request.
  Time since last request: 142.547104 seconds.
  path: Assets/Character Movement Fundamentals/README.txt
  artifactKey: Guid(15eacce68fcf83c4d898c8705931bc17) Importer(815301076,1909f56bfc062723c751e8b465ee728b)
Start importing Assets/Character Movement Fundamentals/README.txt using Guid(15eacce68fcf83c4d898c8705931bc17) Importer(815301076,1909f56bfc062723c751e8b465ee728b)  -> (artifact id: 'd73f1dee2a91dd7f98e96f27d19af04e') in 0.015233 seconds
  Import took 0.018143 seconds .

========================================================================
Received Import Request.
  Time since last request: 14.007157 seconds.
  path: Assets/Character Movement Fundamentals/Manual.pdf
  artifactKey: Guid(7457ffc660cb4324899e24b506402fc9) Importer(815301076,1909f56bfc062723c751e8b465ee728b)
Start importing Assets/Character Movement Fundamentals/Manual.pdf using Guid(7457ffc660cb4324899e24b506402fc9) Importer(815301076,1909f56bfc062723c751e8b465ee728b)  -> (artifact id: 'd284f053df746241cd1ad8781696819c') in 0.010578 seconds
  Import took 0.013217 seconds .

========================================================================
Received Prepare
Registering precompiled user dll's ...
Registered in 0.000892 seconds.
Begin MonoManager ReloadAssembly
Native extension for WindowsStandalone target not found
Native extension for WebGL target not found
Refreshing native plugins compatible for Editor in 0.30 ms, found 0 plugins.
Preloading 0 native plugins for Editor in 0.00 ms.
Mono: successfully reloaded assembly
- Completed reload, in  0.892 seconds
Platform modules already initialized, skipping
Refreshing native plugins compatible for Editor in 0.31 ms, found 0 plugins.
Preloading 0 native plugins for Editor in 0.00 ms.
Unloading 1387 Unused Serialized files (Serialized files now loaded: 0)
System memory in use before: 72.0 MB.
System memory in use after: 72.0 MB.

Unloading 7 unused Assets to reduce memory usage. Loaded Objects now: 1914.
Total: 2.005200 ms (FindLiveObjects: 0.163900 ms CreateObjectMapping: 0.042200 ms MarkObjects: 1.728100 ms  DeleteObjects: 0.069900 ms)

========================================================================
Received Import Request.
  Time since last request: 106.051798 seconds.
  path: Assets/Character Movement Fundamentals/Source
  artifactKey: Guid(f654c70014d9efc46ae1f44154676adf) Importer(815301076,1909f56bfc062723c751e8b465ee728b)
Start importing Assets/Character Movement Fundamentals/Source using Guid(f654c70014d9efc46ae1f44154676adf) Importer(815301076,1909f56bfc062723c751e8b465ee728b)  -> (artifact id: 'd928890b41db1a8c3a94d3c50efcfa42') in 0.010269 seconds
  Import took 0.012924 seconds .

========================================================================
Received Import Request.
  Time since last request: 83.225672 seconds.
  path: Assets/Materials/Player.mat
  artifactKey: Guid(b6492a91c92b008459a29088689e6628) Importer(815301076,1909f56bfc062723c751e8b465ee728b)
Start importing Assets/Materials/Player.mat using Guid(b6492a91c92b008459a29088689e6628) Importer(815301076,1909f56bfc062723c751e8b465ee728b)  -> (artifact id: '83e87616f9d75ff3912fe283a0f3e492') in 0.071063 seconds
  Import took 0.075935 seconds .

========================================================================
Received Prepare
Registering precompiled user dll's ...
Registered in 0.000883 seconds.
Begin MonoManager ReloadAssembly
Native extension for WindowsStandalone target not found
Native extension for WebGL target not found
Refreshing native plugins compatible for Editor in 0.31 ms, found 0 plugins.
Preloading 0 native plugins for Editor in 0.00 ms.
Mono: successfully reloaded assembly
- Completed reload, in  0.888 seconds
Platform modules already initialized, skipping
Refreshing native plugins compatible for Editor in 0.31 ms, found 0 plugins.
Preloading 0 native plugins for Editor in 0.00 ms.
Unloading 1387 Unused Serialized files (Serialized files now loaded: 0)
System memory in use before: 72.0 MB.
System memory in use after: 72.1 MB.

Unloading 7 unused Assets to reduce memory usage. Loaded Objects now: 1918.
Total: 1.930100 ms (FindLiveObjects: 0.189900 ms CreateObjectMapping: 0.042300 ms MarkObjects: 1.620300 ms  DeleteObjects: 0.076500 ms)

========================================================================
Received Prepare
Registering precompiled user dll's ...
Registered in 0.000922 seconds.
Begin MonoManager ReloadAssembly
Native extension for WindowsStandalone target not found
Native extension for WebGL target not found
Refreshing native plugins compatible for Editor in 0.31 ms, found 0 plugins.
Preloading 0 native plugins for Editor in 0.00 ms.
Mono: successfully reloaded assembly
- Completed reload, in  0.880 seconds
Platform modules already initialized, skipping
Refreshing native plugins compatible for Editor in 0.31 ms, found 0 plugins.
Preloading 0 native plugins for Editor in 0.00 ms.
Unloading 1387 Unused Serialized files (Serialized files now loaded: 0)
System memory in use before: 72.0 MB.
System memory in use after: 72.1 MB.

Unloading 7 unused Assets to reduce memory usage. Loaded Objects now: 1921.
Total: 2.068800 ms (FindLiveObjects: 0.201700 ms CreateObjectMapping: 0.035200 ms MarkObjects: 1.747700 ms  DeleteObjects: 0.082800 ms)

========================================================================
Received Import Request.
  Time since last request: 433.929117 seconds.
  path: Assets/Materials/Player.mat
  artifactKey: Guid(b6492a91c92b008459a29088689e6628) Importer(815301076,1909f56bfc062723c751e8b465ee728b)
Start importing Assets/Materials/Player.mat using Guid(b6492a91c92b008459a29088689e6628) Importer(815301076,1909f56bfc062723c751e8b465ee728b)  -> (artifact id: '6d1241000339f0a163523911d501cb4f') in 0.063859 seconds
  Import took 0.066540 seconds .

========================================================================
Received Prepare
Registering precompiled user dll's ...
Registered in 0.000859 seconds.
Begin MonoManager ReloadAssembly
Native extension for WindowsStandalone target not found
Native extension for WebGL target not found
Refreshing native plugins compatible for Editor in 0.31 ms, found 0 plugins.
Preloading 0 native plugins for Editor in 0.00 ms.
Mono: successfully reloaded assembly
- Completed reload, in  0.884 seconds
Platform modules already initialized, skipping
Refreshing native plugins compatible for Editor in 0.31 ms, found 0 plugins.
Preloading 0 native plugins for Editor in 0.00 ms.
Unloading 1387 Unused Serialized files (Serialized files now loaded: 0)
System memory in use before: 72.0 MB.
System memory in use after: 72.1 MB.

Unloading 7 unused Assets to reduce memory usage. Loaded Objects now: 1925.
Total: 1.946600 ms (FindLiveObjects: 0.184600 ms CreateObjectMapping: 0.038200 ms MarkObjects: 1.649500 ms  DeleteObjects: 0.073100 ms)

AssetImportWorkerClient::OnTransportError - code=2 error=End of file
